<?xml version="1.0" encoding="UTF-8"?>
<!-- Generated by org.testng.reporters.JUnitReportReporter -->
<testsuite skipped="0" hostname="INBLRWIT215776" name="tests.AddProduct" tests="1" failures="0" timestamp="02 Apr 2020 08:16:00 GMT" time="262.842" errors="0">
  <testcase name="SearchProduct" time="262.842" classname="tests.AddProduct"/>
</testsuite> <!-- tests.AddProduct -->
