<?xml version="1.0" encoding="UTF-8"?>
<!-- Generated by org.testng.reporters.JUnitReportReporter -->
<testsuite skipped="0" hostname="INBLRWIT215776" name="tests.TC02_ManualBarcodeScan" tests="1" failures="0" timestamp="26 Aug 2019 08:11:47 GMT" time="47.963" errors="0">
  <testcase name="ManualScan" time="47.963" classname="tests.TC02_ManualBarcodeScan"/>
</testsuite> <!-- tests.TC02_ManualBarcodeScan -->
