<?xml version="1.0" encoding="UTF-8"?>
<!-- Generated by org.testng.reporters.JUnitReportReporter -->
<testsuite skipped="0" hostname="INBLRWIT215776" name="tests.TC01_LoginLogout" tests="1" failures="0" timestamp="01 Apr 2020 23:28:28 GMT" time="177.408" errors="0">
  <testcase name="LoginTest" time="177.408" classname="tests.TC01_LoginLogout"/>
</testsuite> <!-- tests.TC01_LoginLogout -->
